c:\phi\semesterproject\mfc_cuda_imageprocessing\oglmfcdialog\debug\oglmfcdialog.pch
c:\phi\semesterproject\mfc_cuda_imageprocessing\oglmfcdialog\debug\vc120.pdb
c:\phi\semesterproject\mfc_cuda_imageprocessing\oglmfcdialog\debug\vc120.idb
c:\phi\semesterproject\mfc_cuda_imageprocessing\oglmfcdialog\debug\stdafx.obj
c:\phi\semesterproject\mfc_cuda_imageprocessing\oglmfcdialog\debug\ctexture.obj
c:\phi\semesterproject\mfc_cuda_imageprocessing\oglmfcdialog\debug\oglmfcdialog.obj
c:\phi\semesterproject\mfc_cuda_imageprocessing\oglmfcdialog\debug\oglmfcdialogdlg.obj
c:\phi\semesterproject\mfc_cuda_imageprocessing\oglmfcdialog\debug\openglcontrol.obj
c:\phi\semesterproject\mfc_cuda_imageprocessing\oglmfcdialog\debug\utility.obj
c:\phi\semesterproject\mfc_cuda_imageprocessing\oglmfcdialog\debug\oglmfcdialog.ilk
c:\phi\semesterproject\mfc_cuda_imageprocessing\oglmfcdialog\debug\oglmfcdialog.exe
c:\phi\semesterproject\mfc_cuda_imageprocessing\oglmfcdialog\debug\oglmfcdialog.pdb
c:\phi\semesterproject\mfc_cuda_imageprocessing\oglmfcdialog\debug\oglmfcdialog.res
c:\phi\semesterproject\mfc_cuda_imageprocessing\oglmfcdialog\debug\oglmfcdialog.exe.embed.manifest.res
c:\phi\semesterproject\mfc_cuda_imageprocessing\oglmfcdialog\debug\oglmfcdialog.exe.embed.manifest
c:\phi\semesterproject\mfc_cuda_imageprocessing\oglmfcdialog\debug\oglmfcdialog_manifest.rc
c:\phi\semesterproject\mfc_cuda_imageprocessing\oglmfcdialog\debug\oglmfcdialog.tlog\cl.command.1.tlog
c:\phi\semesterproject\mfc_cuda_imageprocessing\oglmfcdialog\debug\oglmfcdialog.tlog\cl.read.1.tlog
c:\phi\semesterproject\mfc_cuda_imageprocessing\oglmfcdialog\debug\oglmfcdialog.tlog\cl.write.1.tlog
c:\phi\semesterproject\mfc_cuda_imageprocessing\oglmfcdialog\debug\oglmfcdialog.tlog\link.command.1.tlog
c:\phi\semesterproject\mfc_cuda_imageprocessing\oglmfcdialog\debug\oglmfcdialog.tlog\link.read.1.tlog
c:\phi\semesterproject\mfc_cuda_imageprocessing\oglmfcdialog\debug\oglmfcdialog.tlog\link.write.1.tlog
c:\phi\semesterproject\mfc_cuda_imageprocessing\oglmfcdialog\debug\oglmfcdialog.tlog\rc.command.1.tlog
c:\phi\semesterproject\mfc_cuda_imageprocessing\oglmfcdialog\debug\oglmfcdialog.tlog\rc.read.1.tlog
c:\phi\semesterproject\mfc_cuda_imageprocessing\oglmfcdialog\debug\oglmfcdialog.tlog\rc.write.1.tlog
