Build started 11/24/2015 7:47:34 PM.
     1>Project "C:\Users\Idea\Desktop\Other\OpenGLMFC - Shader\oglMFCDialog\oglMFCDialog.vcxproj" on node 2 (Build target(s)).
     1>ClCompile:
         C:\Program Files (x86)\Microsoft Visual Studio 12.0\VC\bin\CL.exe /c /ZI /nologo /W3 /WX- /Od /Oy- /D WIN32 /D _WINDOWS /D _DEBUG /D _UNICODE /D UNICODE /D _AFXDLL /Gm /EHsc /RTC1 /MD /GS /fp:precise /Zc:wchar_t /Zc:forScope /Yc"stdafx.h" /Fp"Debug\oglMFCDialog.pch" /Fo"Debug\\" /Fd"Debug\vc120.pdb" /Gd /TP /analyze- /errorReport:prompt stdafx.cpp
         stdafx.cpp
         C:\Program Files (x86)\Microsoft Visual Studio 12.0\VC\bin\CL.exe /c /ZI /nologo /W3 /WX- /Od /Oy- /D WIN32 /D _WINDOWS /D _DEBUG /D _UNICODE /D UNICODE /D _AFXDLL /Gm /EHsc /RTC1 /MD /GS /fp:precise /Zc:wchar_t /Zc:forScope /Yu"stdafx.h" /Fp"Debug\oglMFCDialog.pch" /Fo"Debug\\" /Fd"Debug\vc120.pdb" /Gd /TP /analyze- /errorReport:prompt oglMFCDialog.cpp oglMFCDialogDlg.cpp OpenGLControl.cpp
         OpenGLControl.cpp
     1>c:\program files (x86)\microsoft visual studio 12.0\vc\include\learnopengl\shader.h(62): warning C4101: 'success' : unreferenced local variable
     1>c:\program files (x86)\microsoft visual studio 12.0\vc\include\learnopengl\shader.h(63): warning C4101: 'infoLog' : unreferenced local variable
         oglMFCDialogDlg.cpp
     1>c:\program files (x86)\microsoft visual studio 12.0\vc\include\learnopengl\shader.h(62): warning C4101: 'success' : unreferenced local variable
     1>c:\program files (x86)\microsoft visual studio 12.0\vc\include\learnopengl\shader.h(63): warning C4101: 'infoLog' : unreferenced local variable
         oglMFCDialog.cpp
     1>c:\program files (x86)\microsoft visual studio 12.0\vc\include\learnopengl\shader.h(62): warning C4101: 'success' : unreferenced local variable
     1>c:\program files (x86)\microsoft visual studio 12.0\vc\include\learnopengl\shader.h(63): warning C4101: 'infoLog' : unreferenced local variable
         Generating Code...
       ResourceCompile:
         C:\Program Files (x86)\Windows Kits\8.1\bin\x86\rc.exe /D _DEBUG /D _UNICODE /D UNICODE /D _AFXDLL /l"0x0409" /IDebug\ /nologo /fo"Debug\oglMFCDialog.res" oglMFCDialog.rc 
       ManifestResourceCompile:
         C:\Program Files (x86)\Windows Kits\8.1\bin\x86\rc.exe /nologo /fo"Debug\oglMFCDialog.exe.embed.manifest.res" Debug\oglMFCDialog_manifest.rc 
       Link:
         C:\Program Files (x86)\Microsoft Visual Studio 12.0\VC\bin\link.exe /ERRORREPORT:PROMPT /OUT:"Debug\oglMFCDialog.exe" /INCREMENTAL /NOLOGO opengl32.lib glew32s.lib glfw3.lib glu32.lib /MANIFEST /MANIFESTUAC:"level='asInvoker' uiAccess='false'" /manifest:embed /manifestinput:res\oglMFCDialog.manifest /manifestinput:"C:\Program Files (x86)\Microsoft Visual Studio 12.0\VC\Include\Manifest\dpiaware.manifest" /DEBUG /PDB:"Debug\oglMFCDialog.pdb" /SUBSYSTEM:WINDOWS /TLBID:1 /ENTRY:"wWinMainCRTStartup" /DYNAMICBASE /NXCOMPAT /IMPLIB:"Debug\oglMFCDialog.lib" /MACHINE:X86 /SAFESEH Debug\oglMFCDialog.res
         Debug\oglMFCDialog.obj
         Debug\oglMFCDialogDlg.obj
         Debug\OpenGLControl.obj
         Debug\stdafx.obj
     1>oglMFCDialog.obj : warning LNK4075: ignoring '/EDITANDCONTINUE' due to '/SAFESEH' specification
     1>LINK : warning LNK4098: defaultlib 'MSVCRT' conflicts with use of other libs; use /NODEFAULTLIB:library
     1>LINK : warning LNK4098: defaultlib 'LIBCMT' conflicts with use of other libs; use /NODEFAULTLIB:library
     1>glew32s.lib(glew.obj) : warning LNK4099: PDB 'vc100.pdb' was not found with 'glew32s.lib(glew.obj)' or at 'C:\Users\Idea\Desktop\Other\OpenGLMFC - Shader\oglMFCDialog\Debug\vc100.pdb'; linking object as if no debug info
     1>glfw3.lib(context.obj) : warning LNK4204: 'C:\Users\Idea\Desktop\Other\OpenGLMFC - Shader\oglMFCDialog\Debug\vc120.pdb' is missing debugging information for referencing module; linking object as if no debug info
     1>glfw3.lib(init.obj) : warning LNK4204: 'C:\Users\Idea\Desktop\Other\OpenGLMFC - Shader\oglMFCDialog\Debug\vc120.pdb' is missing debugging information for referencing module; linking object as if no debug info
     1>glfw3.lib(input.obj) : warning LNK4204: 'C:\Users\Idea\Desktop\Other\OpenGLMFC - Shader\oglMFCDialog\Debug\vc120.pdb' is missing debugging information for referencing module; linking object as if no debug info
     1>glfw3.lib(monitor.obj) : warning LNK4204: 'C:\Users\Idea\Desktop\Other\OpenGLMFC - Shader\oglMFCDialog\Debug\vc120.pdb' is missing debugging information for referencing module; linking object as if no debug info
     1>glfw3.lib(window.obj) : warning LNK4204: 'C:\Users\Idea\Desktop\Other\OpenGLMFC - Shader\oglMFCDialog\Debug\vc120.pdb' is missing debugging information for referencing module; linking object as if no debug info
     1>glfw3.lib(win32_init.obj) : warning LNK4204: 'C:\Users\Idea\Desktop\Other\OpenGLMFC - Shader\oglMFCDialog\Debug\vc120.pdb' is missing debugging information for referencing module; linking object as if no debug info
     1>glfw3.lib(win32_monitor.obj) : warning LNK4204: 'C:\Users\Idea\Desktop\Other\OpenGLMFC - Shader\oglMFCDialog\Debug\vc120.pdb' is missing debugging information for referencing module; linking object as if no debug info
     1>glfw3.lib(win32_time.obj) : warning LNK4204: 'C:\Users\Idea\Desktop\Other\OpenGLMFC - Shader\oglMFCDialog\Debug\vc120.pdb' is missing debugging information for referencing module; linking object as if no debug info
     1>glfw3.lib(win32_tls.obj) : warning LNK4204: 'C:\Users\Idea\Desktop\Other\OpenGLMFC - Shader\oglMFCDialog\Debug\vc120.pdb' is missing debugging information for referencing module; linking object as if no debug info
     1>glfw3.lib(win32_window.obj) : warning LNK4204: 'C:\Users\Idea\Desktop\Other\OpenGLMFC - Shader\oglMFCDialog\Debug\vc120.pdb' is missing debugging information for referencing module; linking object as if no debug info
     1>glfw3.lib(winmm_joystick.obj) : warning LNK4204: 'C:\Users\Idea\Desktop\Other\OpenGLMFC - Shader\oglMFCDialog\Debug\vc120.pdb' is missing debugging information for referencing module; linking object as if no debug info
     1>glfw3.lib(wgl_context.obj) : warning LNK4204: 'C:\Users\Idea\Desktop\Other\OpenGLMFC - Shader\oglMFCDialog\Debug\vc120.pdb' is missing debugging information for referencing module; linking object as if no debug info
         oglMFCDialog.vcxproj -> C:\Users\Idea\Desktop\Other\OpenGLMFC - Shader\oglMFCDialog\Debug\oglMFCDialog.exe
     1>Done Building Project "C:\Users\Idea\Desktop\Other\OpenGLMFC - Shader\oglMFCDialog\oglMFCDialog.vcxproj" (Build target(s)).

Build succeeded.

Time Elapsed 00:00:03.19
